TN:
SF:/Users/maxim/Projects/Vue/study/vue-cli-example/babel.config.js
FNF:0
FNH:0
DA:1,0
LF:1
LH:0
BRF:0
BRH:0
end_of_record
TN:
SF:/Users/maxim/Projects/Vue/study/vue-cli-example/jest.config.js
FNF:0
FNH:0
DA:1,0
LF:1
LH:0
BRF:0
BRH:0
end_of_record
TN:
SF:/Users/maxim/Projects/Vue/study/vue-cli-example/postcss.config.js
FNF:0
FNH:0
DA:1,0
LF:1
LH:0
BRF:0
BRH:0
end_of_record
TN:
SF:/Users/maxim/Projects/Vue/study/vue-cli-example/prettier.config.js
FNF:0
FNH:0
DA:1,0
LF:1
LH:0
BRF:0
BRH:0
end_of_record
TN:
SF:/Users/maxim/Projects/Vue/study/vue-cli-example/coverage/lcov-report/prettify.js
FN:1,(anonymous_0)
FN:1,k
FN:1,ab
FN:1,T
FN:1,X
FN:1,(anonymous_5)
FN:1,W
FN:1,(anonymous_7)
FN:1,a
FN:1,aa
FN:1,B
FN:1,o
FN:1,g
FN:1,(anonymous_13)
FN:1,W
FN:1,i
FN:1,Q
FN:1,ae
FN:1,ad
FN:1,ai
FN:1,D
FN:1,c
FN:1,q
FN:1,d
FN:1,y
FN:1,b
FN:1,Y
FN:1,now
FN:1,U
FNF:29
FNH:0
FNDA:0,(anonymous_0)
FNDA:0,k
FNDA:0,ab
FNDA:0,T
FNDA:0,X
FNDA:0,(anonymous_5)
FNDA:0,W
FNDA:0,(anonymous_7)
FNDA:0,a
FNDA:0,aa
FNDA:0,B
FNDA:0,o
FNDA:0,g
FNDA:0,(anonymous_13)
FNDA:0,W
FNDA:0,i
FNDA:0,Q
FNDA:0,ae
FNDA:0,ad
FNDA:0,ai
FNDA:0,D
FNDA:0,c
FNDA:0,q
FNDA:0,d
FNDA:0,y
FNDA:0,b
FNDA:0,Y
FNDA:0,now
FNDA:0,U
DA:1,0
LF:1
LH:0
BRDA:1,0,0,0
BRDA:1,0,1,0
BRDA:1,1,0,0
BRDA:1,1,1,0
BRDA:1,2,0,0
BRDA:1,2,1,0
BRDA:1,3,0,0
BRDA:1,3,1,0
BRDA:1,4,0,0
BRDA:1,4,1,0
BRDA:1,5,0,0
BRDA:1,5,1,0
BRDA:1,6,0,0
BRDA:1,6,1,0
BRDA:1,7,0,0
BRDA:1,7,1,0
BRDA:1,8,0,0
BRDA:1,8,1,0
BRDA:1,9,0,0
BRDA:1,9,1,0
BRDA:1,10,0,0
BRDA:1,10,1,0
BRDA:1,11,0,0
BRDA:1,11,1,0
BRDA:1,11,2,0
BRDA:1,11,3,0
BRDA:1,12,0,0
BRDA:1,12,1,0
BRDA:1,13,0,0
BRDA:1,13,1,0
BRDA:1,14,0,0
BRDA:1,14,1,0
BRDA:1,15,0,0
BRDA:1,15,1,0
BRDA:1,16,0,0
BRDA:1,16,1,0
BRDA:1,17,0,0
BRDA:1,17,1,0
BRDA:1,18,0,0
BRDA:1,18,1,0
BRDA:1,19,0,0
BRDA:1,19,1,0
BRDA:1,20,0,0
BRDA:1,20,1,0
BRDA:1,21,0,0
BRDA:1,21,1,0
BRDA:1,22,0,0
BRDA:1,22,1,0
BRDA:1,23,0,0
BRDA:1,23,1,0
BRDA:1,24,0,0
BRDA:1,24,1,0
BRDA:1,25,0,0
BRDA:1,25,1,0
BRDA:1,26,0,0
BRDA:1,26,1,0
BRDA:1,27,0,0
BRDA:1,27,1,0
BRDA:1,28,0,0
BRDA:1,28,1,0
BRDA:1,29,0,0
BRDA:1,29,1,0
BRDA:1,30,0,0
BRDA:1,30,1,0
BRDA:1,31,0,0
BRDA:1,31,1,0
BRDA:1,32,0,0
BRDA:1,32,1,0
BRDA:1,33,0,0
BRDA:1,33,1,0
BRDA:1,34,0,0
BRDA:1,34,1,0
BRDA:1,35,0,0
BRDA:1,35,1,0
BRDA:1,36,0,0
BRDA:1,36,1,0
BRDA:1,37,0,0
BRDA:1,37,1,0
BRDA:1,38,0,0
BRDA:1,38,1,0
BRDA:1,39,0,0
BRDA:1,39,1,0
BRDA:1,40,0,0
BRDA:1,40,1,0
BRDA:1,41,0,0
BRDA:1,41,1,0
BRDA:1,42,0,0
BRDA:1,42,1,0
BRDA:1,43,0,0
BRDA:1,43,1,0
BRDA:1,44,0,0
BRDA:1,44,1,0
BRDA:1,45,0,0
BRDA:1,45,1,0
BRDA:1,46,0,0
BRDA:1,46,1,0
BRDA:1,47,0,0
BRDA:1,47,1,0
BRDA:1,48,0,0
BRDA:1,48,1,0
BRDA:1,49,0,0
BRDA:1,49,1,0
BRDA:1,49,2,0
BRDA:1,50,0,0
BRDA:1,50,1,0
BRDA:1,51,0,0
BRDA:1,51,1,0
BRDA:1,52,0,0
BRDA:1,52,1,0
BRDA:1,53,0,0
BRDA:1,53,1,0
BRDA:1,54,0,0
BRDA:1,54,1,0
BRDA:1,55,0,0
BRDA:1,55,1,0
BRDA:1,56,0,0
BRDA:1,56,1,0
BRDA:1,57,0,0
BRDA:1,57,1,0
BRDA:1,58,0,0
BRDA:1,58,1,0
BRDA:1,59,0,0
BRDA:1,59,1,0
BRDA:1,60,0,0
BRDA:1,60,1,0
BRDA:1,61,0,0
BRDA:1,61,1,0
BRDA:1,62,0,0
BRDA:1,62,1,0
BRDA:1,63,0,0
BRDA:1,63,1,0
BRDA:1,64,0,0
BRDA:1,64,1,0
BRDA:1,65,0,0
BRDA:1,65,1,0
BRDA:1,66,0,0
BRDA:1,66,1,0
BRDA:1,67,0,0
BRDA:1,67,1,0
BRDA:1,68,0,0
BRDA:1,68,1,0
BRDA:1,69,0,0
BRDA:1,69,1,0
BRDA:1,70,0,0
BRDA:1,70,1,0
BRDA:1,71,0,0
BRDA:1,71,1,0
BRDA:1,72,0,0
BRDA:1,72,1,0
BRDA:1,73,0,0
BRDA:1,73,1,0
BRDA:1,74,0,0
BRDA:1,74,1,0
BRDA:1,75,0,0
BRDA:1,75,1,0
BRDA:1,76,0,0
BRDA:1,76,1,0
BRDA:1,77,0,0
BRDA:1,77,1,0
BRDA:1,78,0,0
BRDA:1,78,1,0
BRDA:1,79,0,0
BRDA:1,79,1,0
BRDA:1,80,0,0
BRDA:1,80,1,0
BRDA:1,81,0,0
BRDA:1,81,1,0
BRDA:1,82,0,0
BRDA:1,82,1,0
BRDA:1,83,0,0
BRDA:1,83,1,0
BRDA:1,84,0,0
BRDA:1,84,1,0
BRDA:1,85,0,0
BRDA:1,85,1,0
BRDA:1,86,0,0
BRDA:1,86,1,0
BRDA:1,87,0,0
BRDA:1,87,1,0
BRDA:1,88,0,0
BRDA:1,88,1,0
BRDA:1,88,2,0
BRDA:1,89,0,0
BRDA:1,89,1,0
BRDA:1,90,0,0
BRDA:1,90,1,0
BRDA:1,91,0,0
BRDA:1,91,1,0
BRDA:1,92,0,0
BRDA:1,92,1,0
BRDA:1,93,0,0
BRDA:1,93,1,0
BRDA:1,94,0,0
BRDA:1,94,1,0
BRDA:1,95,0,0
BRDA:1,95,1,0
BRDA:1,96,0,0
BRDA:1,96,1,0
BRDA:1,97,0,0
BRDA:1,97,1,0
BRDA:1,98,0,0
BRDA:1,98,1,0
BRDA:1,99,0,0
BRDA:1,99,1,0
BRDA:1,100,0,0
BRDA:1,100,1,0
BRDA:1,101,0,0
BRDA:1,101,1,0
BRDA:1,102,0,0
BRDA:1,102,1,0
BRDA:1,103,0,0
BRDA:1,103,1,0
BRDA:1,104,0,0
BRDA:1,104,1,0
BRDA:1,105,0,0
BRDA:1,105,1,0
BRDA:1,106,0,0
BRDA:1,106,1,0
BRDA:1,107,0,0
BRDA:1,107,1,0
BRDA:1,108,0,0
BRDA:1,108,1,0
BRDA:1,109,0,0
BRDA:1,109,1,0
BRDA:1,110,0,0
BRDA:1,110,1,0
BRDA:1,111,0,0
BRDA:1,111,1,0
BRDA:1,112,0,0
BRDA:1,112,1,0
BRDA:1,113,0,0
BRDA:1,113,1,0
BRDA:1,114,0,0
BRDA:1,114,1,0
BRDA:1,115,0,0
BRDA:1,115,1,0
BRDA:1,116,0,0
BRDA:1,116,1,0
BRDA:1,117,0,0
BRDA:1,117,1,0
BRDA:1,118,0,0
BRDA:1,118,1,0
BRDA:1,119,0,0
BRDA:1,119,1,0
BRDA:1,120,0,0
BRDA:1,120,1,0
BRDA:1,121,0,0
BRDA:1,121,1,0
BRDA:1,122,0,0
BRDA:1,122,1,0
BRDA:1,123,0,0
BRDA:1,123,1,0
BRDA:1,124,0,0
BRDA:1,124,1,0
BRDA:1,125,0,0
BRDA:1,125,1,0
BRDA:1,126,0,0
BRDA:1,126,1,0
BRDA:1,127,0,0
BRDA:1,127,1,0
BRDA:1,127,2,0
BRDA:1,128,0,0
BRDA:1,128,1,0
BRDA:1,129,0,0
BRDA:1,129,1,0
BRDA:1,130,0,0
BRDA:1,130,1,0
BRDA:1,130,2,0
BRDA:1,130,3,0
BRDA:1,130,4,0
BRDA:1,131,0,0
BRDA:1,131,1,0
BRDA:1,132,0,0
BRDA:1,132,1,0
BRDA:1,133,0,0
BRDA:1,133,1,0
BRDA:1,134,0,0
BRDA:1,134,1,0
BRDA:1,135,0,0
BRDA:1,135,1,0
BRDA:1,136,0,0
BRDA:1,136,1,0
BRDA:1,137,0,0
BRDA:1,137,1,0
BRF:284
BRH:0
end_of_record
TN:
SF:/Users/maxim/Projects/Vue/study/vue-cli-example/coverage/lcov-report/sorter.js
FN:1,(anonymous_0)
FN:10,getTable
FN:12,getTableHeader
FN:14,getTableBody
FN:16,getNthColumn
FN:19,loadColumns
FN:43,loadRowData
FN:62,loadData
FN:71,sortByIndex
FN:73,sorter
FN:85,finalSorter
FN:102,removeSortIndicators
FN:110,addSortIndicators
FN:114,enableUI
FN:117,ithSorter
FN:120,(anonymous_15)
FN:147,(anonymous_16)
FNF:17
FNH:0
FNDA:0,(anonymous_0)
FNDA:0,getTable
FNDA:0,getTableHeader
FNDA:0,getTableBody
FNDA:0,getNthColumn
FNDA:0,loadColumns
FNDA:0,loadRowData
FNDA:0,loadData
FNDA:0,sortByIndex
FNDA:0,sorter
FNDA:0,finalSorter
FNDA:0,removeSortIndicators
FNDA:0,addSortIndicators
FNDA:0,enableUI
FNDA:0,ithSorter
FNDA:0,(anonymous_15)
FNDA:0,(anonymous_16)
DA:1,0
DA:4,0
DA:10,0
DA:12,0
DA:14,0
DA:16,0
DA:20,0
DA:22,0
DA:26,0
DA:27,0
DA:28,0
DA:33,0
DA:34,0
DA:35,0
DA:36,0
DA:39,0
DA:44,0
DA:47,0
DA:50,0
DA:51,0
DA:52,0
DA:53,0
DA:54,0
DA:55,0
DA:57,0
DA:59,0
DA:63,0
DA:66,0
DA:67,0
DA:72,0
DA:73,0
DA:74,0
DA:75,0
DA:76,0
DA:78,0
DA:79,0
DA:80,0
DA:81,0
DA:84,0
DA:85,0
DA:86,0
DA:90,0
DA:91,0
DA:92,0
DA:95,0
DA:97,0
DA:98,0
DA:103,0
DA:104,0
DA:106,0
DA:107,0
DA:111,0
DA:117,0
DA:118,0
DA:120,0
DA:121,0
DA:123,0
DA:124,0
DA:126,0
DA:127,0
DA:128,0
DA:129,0
DA:130,0
DA:133,0
DA:134,0
DA:137,0
DA:138,0
DA:139,0
DA:141,0
DA:147,0
DA:148,0
DA:149,0
DA:151,0
DA:152,0
DA:153,0
DA:154,0
DA:158,0
LF:77
LH:0
BRDA:31,0,0,0
BRDA:31,0,1,0
BRDA:34,1,0,0
BRDA:34,1,1,0
BRDA:54,2,0,0
BRDA:54,2,1,0
BRDA:76,3,0,0
BRDA:76,3,1,0
BRDA:76,4,0,0
BRDA:76,4,1,0
BRDA:84,5,0,0
BRDA:84,5,1,0
BRDA:111,6,0,0
BRDA:111,6,1,0
BRDA:123,7,0,0
BRDA:123,7,1,0
BRDA:134,8,0,0
BRDA:134,8,1,0
BRDA:138,9,0,0
BRDA:138,9,1,0
BRDA:148,10,0,0
BRDA:148,10,1,0
BRF:22
BRH:0
end_of_record
TN:
SF:/Users/maxim/Projects/Vue/study/vue-cli-example/src/App.vue
FN:65,clearLocalStorage
FNF:1
FNH:0
FNDA:0,clearLocalStorage
DA:60,0
DA:66,0
LF:2
LH:0
BRF:0
BRH:0
end_of_record
TN:
SF:/Users/maxim/Projects/Vue/study/vue-cli-example/src/auth.js
FN:1,setToken
FN:2,loggedIn
FN:3,deleteToken
FNF:3
FNH:0
FNDA:0,setToken
FNDA:0,loggedIn
FNDA:0,deleteToken
DA:1,0
DA:2,0
DA:3,0
LF:3
LH:0
BRF:0
BRH:0
end_of_record
TN:
SF:/Users/maxim/Projects/Vue/study/vue-cli-example/src/axios.js
FNF:0
FNH:0
DA:1,0
DA:2,0
DA:4,0
LF:3
LH:0
BRF:0
BRH:0
end_of_record
TN:
SF:/Users/maxim/Projects/Vue/study/vue-cli-example/src/main.js
FN:15,render
FNF:1
FNH:0
FNDA:0,render
DA:1,0
DA:2,0
DA:3,0
DA:4,0
DA:5,0
DA:6,0
DA:8,0
DA:10,0
DA:12,0
DA:15,0
LF:10
LH:0
BRF:0
BRH:0
end_of_record
TN:
SF:/Users/maxim/Projects/Vue/study/vue-cli-example/src/router.js
FN:14,component
FN:22,component
FN:30,component
FN:39,component
FN:48,component
FN:57,component
FN:65,(anonymous_12)
FN:66,(anonymous_13)
FNF:8
FNH:0
FNDA:0,component
FNDA:0,component
FNDA:0,component
FNDA:0,component
FNDA:0,component
FNDA:0,component
FNDA:0,(anonymous_12)
FNDA:0,(anonymous_13)
DA:1,0
DA:2,0
DA:3,0
DA:5,0
DA:7,0
DA:14,0
DA:22,0
DA:30,0
DA:39,0
DA:48,0
DA:57,0
DA:65,0
DA:66,0
DA:67,0
DA:72,0
LF:15
LH:0
BRDA:66,0,0,0
BRDA:66,0,1,0
BRDA:66,1,0,0
BRDA:66,1,1,0
BRF:4
BRH:0
end_of_record
TN:
SF:/Users/maxim/Projects/Vue/study/vue-cli-example/src/store.js
FN:15,changeLoadingState
FN:18,setUsers
FN:23,currentUsersAmount
FN:25,updateLoadingStatus
FN:25,loadUsers
FN:33,(anonymous_5)
FN:36,(anonymous_6)
FN:39,(anonymous_7)
FN:25,loadUser
FN:43,(anonymous_9)
FN:47,(anonymous_10)
FN:50,(anonymous_11)
FN:54,(anonymous_12)
FN:25,updateUser
FN:59,(anonymous_14)
FN:65,(anonymous_15)
FN:68,(anonymous_16)
FN:72,(anonymous_17)
FN:25,deleteUser
FN:77,(anonymous_19)
FN:81,(anonymous_20)
FN:84,(anonymous_21)
FN:88,(anonymous_22)
FN:25,createUser
FN:93,(anonymous_24)
FN:99,(anonymous_25)
FN:102,(anonymous_26)
FN:106,(anonymous_27)
FNF:28
FNH:0
FNDA:0,changeLoadingState
FNDA:0,setUsers
FNDA:0,currentUsersAmount
FNDA:0,updateLoadingStatus
FNDA:0,loadUsers
FNDA:0,(anonymous_5)
FNDA:0,(anonymous_6)
FNDA:0,(anonymous_7)
FNDA:0,loadUser
FNDA:0,(anonymous_9)
FNDA:0,(anonymous_10)
FNDA:0,(anonymous_11)
FNDA:0,(anonymous_12)
FNDA:0,updateUser
FNDA:0,(anonymous_14)
FNDA:0,(anonymous_15)
FNDA:0,(anonymous_16)
FNDA:0,(anonymous_17)
FNDA:0,deleteUser
FNDA:0,(anonymous_19)
FNDA:0,(anonymous_20)
FNDA:0,(anonymous_21)
FNDA:0,(anonymous_22)
FNDA:0,createUser
FNDA:0,(anonymous_24)
FNDA:0,(anonymous_25)
FNDA:0,(anonymous_26)
FNDA:0,(anonymous_27)
DA:1,0
DA:2,0
DA:3,0
DA:5,0
DA:7,0
DA:16,0
DA:19,0
DA:23,0
DA:27,0
DA:30,0
DA:31,0
DA:34,0
DA:37,0
DA:39,0
DA:42,0
DA:43,0
DA:48,0
DA:51,0
DA:54,0
DA:58,0
DA:59,0
DA:66,0
DA:69,0
DA:72,0
DA:76,0
DA:77,0
DA:82,0
DA:85,0
DA:88,0
DA:92,0
DA:93,0
DA:100,0
DA:103,0
DA:106,0
LF:34
LH:0
BRF:0
BRH:0
end_of_record
TN:
SF:/Users/maxim/Projects/Vue/study/vue-cli-example/src/utils.js
FN:1,compareString
FNF:1
FNH:0
FNDA:0,compareString
DA:1,0
DA:2,0
LF:2
LH:0
BRDA:3,0,0,0
BRDA:3,0,1,0
BRF:2
BRH:0
end_of_record
TN:
SF:/Users/maxim/Projects/Vue/study/vue-cli-example/src/components/CurrentUser.vue
FN:138,Modal
FN:140,data
FN:150,loading
FN:152,id
FN:160,mounted
FN:164,onLoad
FN:167,loadUser
FN:168,(anonymous_9)
FN:172,succesfulDeleteModalAgree
FN:176,deleteModalAgree
FN:181,(anonymous_12)
FN:185,deleteCurrentUser
FNF:12
FNH:0
FNDA:0,Modal
FNDA:0,data
FNDA:0,loading
FNDA:0,id
FNDA:0,mounted
FNDA:0,onLoad
FNDA:0,loadUser
FNDA:0,(anonymous_9)
FNDA:0,succesfulDeleteModalAgree
FNDA:0,deleteModalAgree
FNDA:0,(anonymous_12)
FNDA:0,deleteCurrentUser
DA:133,0
DA:138,0
DA:141,0
DA:150,0
DA:153,0
DA:161,0
DA:165,0
DA:167,0
DA:168,0
DA:169,0
DA:173,0
DA:174,0
DA:176,0
DA:177,0
DA:178,0
DA:179,0
DA:181,0
DA:182,0
DA:186,0
LF:19
LH:0
BRDA:178,0,0,0
BRDA:178,0,1,0
BRF:2
BRH:0
end_of_record
TN:
SF:/Users/maxim/Projects/Vue/study/vue-cli-example/src/components/DatePicker.vue
FN:23,data
FN:29,mounted
FN:32,onChange
FN:37,beforeDestroy
FN:41,updateDatepicker
FNF:5
FNH:0
FNDA:0,data
FNDA:0,mounted
FNDA:0,onChange
FNDA:0,beforeDestroy
FNDA:0,updateDatepicker
DA:12,0
DA:13,0
DA:23,0
DA:29,0
DA:30,0
DA:33,0
DA:38,0
DA:42,0
LF:8
LH:0
BRF:0
BRH:0
end_of_record
TN:
SF:/Users/maxim/Projects/Vue/study/vue-cli-example/src/components/ImageUpload.vue
FN:53,data
FN:58,mounted
FN:63,selectNewImage
FN:66,setNewAvatar
FN:70,upload
FN:82,(anonymous_6)
FN:84,(anonymous_7)
FN:91,initDropzone
FN:105,success
FNF:9
FNH:0
FNDA:0,data
FNDA:0,mounted
FNDA:0,selectNewImage
FNDA:0,setNewAvatar
FNDA:0,upload
FNDA:0,(anonymous_6)
FNDA:0,(anonymous_7)
FNDA:0,initDropzone
FNDA:0,success
DA:39,0
DA:40,0
DA:41,0
DA:54,0
DA:59,0
DA:64,0
DA:67,0
DA:70,0
DA:71,0
DA:72,0
DA:73,0
DA:74,0
DA:77,0
DA:82,0
DA:84,0
DA:86,0
DA:87,0
DA:88,0
DA:91,0
DA:93,0
DA:106,0
DA:107,0
LF:22
LH:0
BRF:0
BRH:0
end_of_record
TN:
SF:/Users/maxim/Projects/Vue/study/vue-cli-example/src/components/Modal.vue
FN:66,onAgree
FNF:1
FNH:0
FNDA:0,onAgree
DA:67,0
LF:1
LH:0
BRF:0
BRH:0
end_of_record
TN:
SF:/Users/maxim/Projects/Vue/study/vue-cli-example/src/components/Paginator.vue
FN:49,data
FN:55,countSteps
FN:58,fistStep
FN:61,lastStep
FN:66,currentRange
FN:69,amount
FN:73,mounted
FN:77,onCurrentStep
FNF:8
FNH:8
FNDA:3,data
FNDA:5,countSteps
FNDA:7,fistStep
FNDA:7,lastStep
FNDA:1,currentRange
FNDA:1,amount
FNDA:3,mounted
FNDA:5,onCurrentStep
DA:50,3
DA:56,5
DA:59,7
DA:62,7
DA:67,1
DA:70,1
DA:74,3
DA:78,5
DA:79,5
LF:9
LH:9
BRDA:56,0,0,10
BRDA:56,0,1,5
BRF:2
BRH:2
end_of_record
TN:
SF:/Users/maxim/Projects/Vue/study/vue-cli-example/src/components/SearchFilter.vue
FN:26,data
FN:32,filteredList
FN:33,(anonymous_3)
FN:45,onFilteredUsersListBySearch
FNF:4
FNH:0
FNDA:0,data
FNDA:0,filteredList
FNDA:0,(anonymous_3)
FNDA:0,onFilteredUsersListBySearch
DA:16,0
DA:27,0
DA:32,0
DA:33,0
DA:34,0
DA:46,0
LF:6
LH:0
BRDA:34,0,0,0
BRDA:34,0,1,0
BRF:2
BRH:0
end_of_record
TN:
SF:/Users/maxim/Projects/Vue/study/vue-cli-example/src/components/SelectOfQuantity.vue
FN:23,_default
FN:35,data
FN:45,mounted
FN:49,onCurrentRange
FN:54,onCurrentUsersListByRange
FNF:5
FNH:0
FNDA:0,_default
FNDA:0,data
FNDA:0,mounted
FNDA:0,onCurrentRange
FNDA:0,onCurrentUsersListByRange
DA:23,0
DA:36,0
DA:46,0
DA:50,0
DA:51,0
DA:52,0
DA:55,0
DA:56,0
DA:57,0
DA:58,0
LF:10
LH:0
BRDA:55,0,0,0
BRDA:55,0,1,0
BRDA:56,1,0,0
BRDA:56,1,1,0
BRF:4
BRH:0
end_of_record
TN:
SF:/Users/maxim/Projects/Vue/study/vue-cli-example/src/components/SmartUsersList.vue
FN:31,UsersList
FN:32,SearchFilter
FN:33,SelectOfQuantity
FN:34,Paginator
FN:36,data
FN:49,loading
FN:53,onCurrentStep
FN:56,onCurrentRange
FN:59,onUsersList
FN:62,onCurrentUsersAmount
FN:65,onFilteredUsersListBySearch
FN:68,onCurrentUsersListByRange
FNF:12
FNH:0
FNDA:0,UsersList
FNDA:0,SearchFilter
FNDA:0,SelectOfQuantity
FNDA:0,Paginator
FNDA:0,data
FNDA:0,loading
FNDA:0,onCurrentStep
FNDA:0,onCurrentRange
FNDA:0,onUsersList
FNDA:0,onCurrentUsersAmount
FNDA:0,onFilteredUsersListBySearch
FNDA:0,onCurrentUsersListByRange
DA:26,0
DA:31,0
DA:32,0
DA:33,0
DA:34,0
DA:37,0
DA:49,0
DA:54,0
DA:57,0
DA:60,0
DA:63,0
DA:66,0
DA:69,0
LF:13
LH:0
BRF:0
BRH:0
end_of_record
TN:
SF:/Users/maxim/Projects/Vue/study/vue-cli-example/src/components/UserForm.vue
FN:279,ImageUpload
FN:280,DatePicker
FN:281,Modal
FN:283,data
FN:297,loading
FN:299,titleFormButton
FN:302,id
FN:310,mounted
FN:314,onLoad
FN:317,loadData
FN:324,prepareNewUser
FN:339,loadUser
FN:340,(anonymous_16)
FN:344,createUser
FN:345,(anonymous_18)
FN:349,updateModalAgree
FN:354,(anonymous_20)
FN:358,editUser
FN:361,validateBeforeSubmit
FN:362,(anonymous_23)
FN:368,submitForm
FNF:21
FNH:0
FNDA:0,ImageUpload
FNDA:0,DatePicker
FNDA:0,Modal
FNDA:0,data
FNDA:0,loading
FNDA:0,titleFormButton
FNDA:0,id
FNDA:0,mounted
FNDA:0,onLoad
FNDA:0,loadData
FNDA:0,prepareNewUser
FNDA:0,loadUser
FNDA:0,(anonymous_16)
FNDA:0,createUser
FNDA:0,(anonymous_18)
FNDA:0,updateModalAgree
FNDA:0,(anonymous_20)
FNDA:0,editUser
FNDA:0,validateBeforeSubmit
FNDA:0,(anonymous_23)
FNDA:0,submitForm
DA:272,0
DA:273,0
DA:279,0
DA:280,0
DA:281,0
DA:284,0
DA:297,0
DA:300,0
DA:303,0
DA:311,0
DA:315,0
DA:318,0
DA:319,0
DA:321,0
DA:325,0
DA:337,0
DA:339,0
DA:340,0
DA:341,0
DA:344,0
DA:345,0
DA:346,0
DA:349,0
DA:350,0
DA:351,0
DA:352,0
DA:354,0
DA:355,0
DA:359,0
DA:361,0
DA:362,0
DA:363,0
DA:364,0
DA:369,0
LF:34
LH:0
BRDA:300,0,0,0
BRDA:300,0,1,0
BRDA:318,1,0,0
BRDA:318,1,1,0
BRDA:351,2,0,0
BRDA:351,2,1,0
BRDA:363,3,0,0
BRDA:363,3,1,0
BRDA:369,4,0,0
BRDA:369,4,1,0
BRF:10
BRH:0
end_of_record
TN:
SF:/Users/maxim/Projects/Vue/study/vue-cli-example/src/components/UsersList.vue
FN:109,Modal
FN:114,_default
FN:118,_default
FN:121,data
FN:131,loading
FN:132,usersList
FN:133,currentUsersAmount
FN:135,currentUsersList
FN:140,filteredUsersListBySearch
FN:145,loading
FN:149,mounted
FN:153,onLoad
FN:158,loadUsersList
FN:161,succesfulDeleteModalAgree
FN:165,deleteModalAgree
FN:170,(anonymous_17)
FN:174,deleteUser
FN:178,onCurrentUsersAmount
FN:185,onUsersList
FNF:19
FNH:0
FNDA:0,Modal
FNDA:0,_default
FNDA:0,_default
FNDA:0,data
FNDA:0,loading
FNDA:0,usersList
FNDA:0,currentUsersAmount
FNDA:0,currentUsersList
FNDA:0,filteredUsersListBySearch
FNDA:0,loading
FNDA:0,mounted
FNDA:0,onLoad
FNDA:0,loadUsersList
FNDA:0,succesfulDeleteModalAgree
FNDA:0,deleteModalAgree
FNDA:0,(anonymous_17)
FNDA:0,deleteUser
FNDA:0,onCurrentUsersAmount
FNDA:0,onUsersList
DA:104,0
DA:109,0
DA:114,0
DA:118,0
DA:122,0
DA:131,0
DA:132,0
DA:133,0
DA:136,0
DA:141,0
DA:142,0
DA:146,0
DA:150,0
DA:154,0
DA:155,0
DA:156,0
DA:159,0
DA:162,0
DA:163,0
DA:165,0
DA:166,0
DA:167,0
DA:168,0
DA:170,0
DA:171,0
DA:175,0
DA:176,0
DA:179,0
DA:183,0
DA:186,0
LF:30
LH:0
BRDA:136,0,0,0
BRDA:136,0,1,0
BRDA:136,0,2,0
BRDA:141,1,0,0
BRDA:141,1,1,0
BRDA:167,2,0,0
BRDA:167,2,1,0
BRDA:179,3,0,0
BRDA:179,3,1,0
BRDA:179,3,2,0
BRDA:179,3,3,0
BRF:11
BRH:0
end_of_record
TN:
SF:/Users/maxim/Projects/Vue/study/vue-cli-example/src/views/EditUserPage.vue
FN:51,Loading
FN:52,UserForm
FN:62,loading
FNF:3
FNH:0
FNDA:0,Loading
FNDA:0,UserForm
FNDA:0,loading
DA:46,0
DA:51,0
DA:52,0
DA:62,0
LF:4
LH:0
BRF:0
BRH:0
end_of_record
TN:
SF:/Users/maxim/Projects/Vue/study/vue-cli-example/src/views/LoginPage.vue
FN:28,login
FNF:1
FNH:0
FNDA:0,login
DA:23,0
DA:29,0
DA:30,0
LF:3
LH:0
BRF:0
BRH:0
end_of_record
TN:
SF:/Users/maxim/Projects/Vue/study/vue-cli-example/src/views/NewUserPage.vue
FN:34,Loading
FN:35,UserForm
FN:39,loading
FNF:3
FNH:0
FNDA:0,Loading
FNDA:0,UserForm
FNDA:0,loading
DA:29,0
DA:34,0
DA:35,0
DA:39,0
LF:4
LH:0
BRF:0
BRH:0
end_of_record
TN:
SF:/Users/maxim/Projects/Vue/study/vue-cli-example/src/views/Phonebook.vue
FN:56,Loading
FN:57,UsersList
FN:58,SearchFilter
FN:59,SelectOfQuantity
FN:60,Paginator
FN:62,data
FN:75,loading
FN:79,onCurrentStep
FN:82,onCurrentRange
FN:85,onUsersList
FN:88,onCurrentUsersAmount
FN:91,onFilteredUsersListBySearch
FN:94,onCurrentUsersListByRange
FNF:13
FNH:0
FNDA:0,Loading
FNDA:0,UsersList
FNDA:0,SearchFilter
FNDA:0,SelectOfQuantity
FNDA:0,Paginator
FNDA:0,data
FNDA:0,loading
FNDA:0,onCurrentStep
FNDA:0,onCurrentRange
FNDA:0,onUsersList
FNDA:0,onCurrentUsersAmount
FNDA:0,onFilteredUsersListBySearch
FNDA:0,onCurrentUsersListByRange
DA:51,0
DA:56,0
DA:57,0
DA:58,0
DA:59,0
DA:60,0
DA:63,0
DA:75,0
DA:80,0
DA:83,0
DA:86,0
DA:89,0
DA:92,0
DA:95,0
LF:14
LH:0
BRF:0
BRH:0
end_of_record
TN:
SF:/Users/maxim/Projects/Vue/study/vue-cli-example/src/views/UserPage.vue
FN:49,Loading
FN:50,CurrentUser
FN:54,loading
FNF:3
FNH:0
FNDA:0,Loading
FNDA:0,CurrentUser
FNDA:0,loading
DA:44,0
DA:49,0
DA:50,0
DA:54,0
LF:4
LH:0
BRF:0
BRH:0
end_of_record
TN:
SF:/Users/maxim/Projects/Vue/study/vue-cli-example/src/views/UsersListPage.vue
FN:23,Loading
FN:24,SmartUsersList
FN:28,loading
FNF:3
FNH:0
FNDA:0,Loading
FNDA:0,SmartUsersList
FNDA:0,loading
DA:18,0
DA:23,0
DA:24,0
DA:28,0
LF:4
LH:0
BRF:0
BRH:0
end_of_record
